{"level":"info","message":"shuffle started","service":"user-service"}
{"level":"info","message":"shuffle started","service":"user-service"}
{"level":"info","message":"shuffle started","service":"user-service"}
{"level":"info","message":"shuffle started","service":"user-service"}
{"level":"info","message":"shuffle ended","service":"user-service"}
{"level":"info","message":"shuffle started","service":"user-service"}
{"level":"info","message":"shuffle ended","service":"user-service"}
{"level":"info","message":"shuffle started","service":"user-service"}
{"level":"info","message":"shuffle ended","service":"user-service"}
{"level":"info","message":"shuffle started","service":"user-service"}
{"level":"info","message":"shuffle ended","service":"user-service"}
{"level":"info","message":"shuffle started","service":"user-service"}
{"level":"info","message":"shuffle ended","service":"user-service"}
{"level":"info","message":"shuffle started","service":"user-service"}
{"level":"info","message":"shuffle ended","service":"user-service"}
{"level":"info","message":"shuffle started","service":"user-service"}
{"level":"info","message":"shuffle ended","service":"user-service"}
{"level":"info","message":"shuffle started","service":"user-service"}
{"level":"info","message":"shuffle ended","service":"user-service"}
{"level":"info","message":"shuffle started","service":"user-service"}
{"level":"info","message":"shuffle ended","service":"user-service"}
{"level":"info","message":"shuffle started","service":"user-service"}
{"level":"info","message":"shuffle ended","service":"user-service"}
{"level":"info","message":"shuffle started","service":"user-service"}
{"level":"info","message":"shuffle ended","service":"user-service"}
{"level":"info","message":"shuffle started","service":"user-service"}
{"level":"info","message":"shuffle ended","service":"user-service"}
{"level":"info","message":"shuffle started","service":"user-service"}
{"level":"info","message":"shuffle ended","service":"user-service"}
{"level":"info","message":"shuffle started","service":"user-service"}
{"level":"info","message":"shuffle ended","service":"user-service"}
{"level":"info","message":"K-v6nFlyI","service":"user-service"}
{"level":"info","message":"shuffle started","service":"user-service"}
{"level":"info","message":"shuffle ended","service":"user-service"}
{"level":"info","message":"shuffle started","service":"user-service"}
{"level":"info","message":"shuffle ended","service":"user-service"}
{"level":"info","message":"YppCcRCsc","service":"user-service"}
{"level":"info","message":"shuffle started","service":"user-service"}
{"level":"info","message":"shuffle ended","service":"user-service"}
{"level":"info","message":"shuffle started","service":"user-service"}
{"level":"info","message":"shuffle ended","service":"user-service"}
{"level":"info","message":"7T88s8Mu8","service":"user-service"}
{"level":"info","message":"shuffle started","service":"user-service"}
{"level":"info","message":"shuffle ended","service":"user-service"}
{"level":"info","message":"shuffle started","service":"user-service"}
{"level":"info","message":"shuffle ended","service":"user-service"}
{"level":"info","message":"q0NIRV7AU","service":"user-service"}
{"level":"info","message":"shuffle started","service":"user-service"}
{"level":"info","message":"shuffle ended","service":"user-service"}
{"level":"info","message":"shuffle started","service":"user-service"}
{"level":"info","message":"shuffle ended","service":"user-service"}
{"level":"info","message":"Iz771o5EE","service":"user-service"}
{"level":"info","message":"shuffle started","service":"user-service"}
{"level":"info","message":"shuffle ended","service":"user-service"}
{"level":"info","message":"shuffle started","service":"user-service"}
{"level":"info","message":"shuffle ended","service":"user-service"}
{"level":"info","message":"U3CAWb3JU","service":"user-service"}
{"level":"info","message":"shuffle started","service":"user-service"}
{"level":"info","message":"shuffle ended","service":"user-service"}
{"level":"info","message":"shuffle started","service":"user-service"}
{"level":"info","message":"shuffle ended","service":"user-service"}
{"level":"info","message":"aXgabEZwF","service":"user-service"}
{"level":"info","message":"shuffle started","service":"user-service"}
{"level":"info","message":"shuffle ended","service":"user-service"}
{"level":"info","message":"shuffle started","service":"user-service"}
{"level":"info","message":"shuffle ended","service":"user-service"}
{"level":"info","message":"5qFJ8azpD","service":"user-service"}
{"level":"info","message":"shuffle started","service":"user-service"}
{"level":"info","message":"shuffle ended","service":"user-service"}
{"level":"info","message":"shuffle started","service":"user-service"}
{"level":"info","message":"shuffle ended","service":"user-service"}
{"level":"info","message":"9CBKwGbKA","service":"user-service"}
{"level":"info","message":"shuffle started","service":"user-service"}
{"level":"info","message":"shuffle ended","service":"user-service"}
{"level":"info","message":"shuffle started","service":"user-service"}
{"level":"info","message":"shuffle ended","service":"user-service"}
{"level":"info","message":"CibrlNPlu","service":"user-service"}
{"level":"info","message":"shuffle started","service":"user-service"}
{"level":"info","message":"shuffle ended","service":"user-service"}
{"level":"info","message":"shuffle started","service":"user-service"}
{"level":"info","message":"shuffle ended","service":"user-service"}
{"level":"info","message":"4P5tECwDK","service":"user-service"}
{"level":"info","message":"shuffle started","service":"user-service"}
{"level":"info","message":"shuffle ended","service":"user-service"}
{"level":"info","message":"shuffle started","service":"user-service"}
{"level":"info","message":"shuffle ended","service":"user-service"}
{"level":"info","message":"qSXLgO4ER","service":"user-service"}
{"level":"info","message":"shuffle started","service":"user-service"}
{"level":"info","message":"shuffle ended","service":"user-service"}
{"level":"info","message":"shuffle started","service":"user-service"}
{"level":"info","message":"shuffle ended","service":"user-service"}
{"level":"info","message":"9d5JyjWAI","service":"user-service"}
{"level":"info","message":"shuffle started","service":"user-service"}
{"level":"info","message":"shuffle ended","service":"user-service"}
{"level":"info","message":"shuffle started","service":"user-service"}
{"level":"info","message":"shuffle ended","service":"user-service"}
{"level":"info","message":"JcplL6DtP","service":"user-service"}
{"level":"info","message":"shuffle started","service":"user-service"}
{"level":"info","message":"shuffle ended","service":"user-service"}
{"level":"info","message":"shuffle started","service":"user-service"}
{"level":"info","message":"shuffle ended","service":"user-service"}
